<?xml version="1.0" encoding="UTF-8"?>
<!-- Generated by org.testng.reporters.JUnitReportReporter -->
<testsuite hostname="DESKTOP-GLV20RD" failures="0" tests="1" name="com.inerbanking.testcases.TC_LoginDDT_002" time="46.721" errors="0" timestamp="2023-02-12T22:22:09 IST" skipped="0">
  <testcase classname="com.inerbanking.testcases.TC_LoginDDT_002" name="loginDDT" time="46.721"/>
  <system-out/>
</testsuite> <!-- com.inerbanking.testcases.TC_LoginDDT_002 -->
